2020-03-13 11:42:48.344  WARN 7844 --- [background-preinit] o.s.h.c.j.Jackson2ObjectMapperBuilder    : For Jackson Kotlin classes support please add "com.fasterxml.jackson.module:jackson-module-kotlin" to the classpath
2020-03-13 11:42:48.501  INFO 7844 --- [restartedMain] l.m.community.CommunityApplication       : Starting CommunityApplication on AUTOBVT-2IJKQCM with PID 7844 (E:\itcast\spring-boot\community\target\classes started by Administrator in E:\itcast\spring-boot\community)
2020-03-13 11:42:48.506  INFO 7844 --- [restartedMain] l.m.community.CommunityApplication       : No active profile set, falling back to default profiles: default
2020-03-13 11:42:48.677  INFO 7844 --- [restartedMain] .e.DevToolsPropertyDefaultsPostProcessor : Devtools property defaults active! Set 'spring.devtools.add-properties' to 'false' to disable
2020-03-13 11:42:48.678  INFO 7844 --- [restartedMain] .e.DevToolsPropertyDefaultsPostProcessor : For additional web related logging consider setting the 'logging.level.web' property to 'DEBUG'
2020-03-13 11:42:52.340  INFO 7844 --- [restartedMain] o.s.b.w.embedded.tomcat.TomcatWebServer  : Tomcat initialized with port(s): 80 (http)
2020-03-13 11:42:52.366  INFO 7844 --- [restartedMain] o.apache.catalina.core.StandardService   : Starting service [Tomcat]
2020-03-13 11:42:52.368  INFO 7844 --- [restartedMain] org.apache.catalina.core.StandardEngine  : Starting Servlet engine: [Apache Tomcat/9.0.29]
2020-03-13 11:42:52.653  INFO 7844 --- [restartedMain] o.a.c.c.C.[Tomcat].[localhost].[/]       : Initializing Spring embedded WebApplicationContext
2020-03-13 11:42:52.656  INFO 7844 --- [restartedMain] o.s.web.context.ContextLoader            : Root WebApplicationContext: initialization completed in 3978 ms
2020-03-13 11:42:52.754  INFO 7844 --- [restartedMain] com.zaxxer.hikari.HikariDataSource       : HikariPool-1 - Starting...
2020-03-13 11:42:53.122  INFO 7844 --- [restartedMain] com.zaxxer.hikari.HikariDataSource       : HikariPool-1 - Start completed.
2020-03-13 11:42:53.135  INFO 7844 --- [restartedMain] o.s.b.a.h2.H2ConsoleAutoConfiguration    : H2 console available at '/h2-console'. Database available at 'jdbc:h2:~/community'
2020-03-13 11:42:54.550  INFO 7844 --- [restartedMain] o.s.s.concurrent.ThreadPoolTaskExecutor  : Initializing ExecutorService 'applicationTaskExecutor'
2020-03-13 11:42:54.798  INFO 7844 --- [restartedMain] o.s.b.a.w.s.WelcomePageHandlerMapping    : Adding welcome page template: index
2020-03-13 11:42:55.809  INFO 7844 --- [restartedMain] o.s.b.d.a.OptionalLiveReloadServer       : LiveReload server is running on port 35729
2020-03-13 11:42:55.930  INFO 7844 --- [restartedMain] o.s.b.w.embedded.tomcat.TomcatWebServer  : Tomcat started on port(s): 80 (http) with context path ''
2020-03-13 11:42:55.939  INFO 7844 --- [restartedMain] l.m.community.CommunityApplication       : Started CommunityApplication in 9.449 seconds (JVM running for 19.957)
2020-03-13 11:45:07.861  INFO 7844 --- [http-nio-80-exec-1] o.a.c.c.C.[Tomcat].[localhost].[/]       : Initializing Spring DispatcherServlet 'dispatcherServlet'
2020-03-13 11:45:07.862  INFO 7844 --- [http-nio-80-exec-1] o.s.web.servlet.DispatcherServlet        : Initializing Servlet 'dispatcherServlet'
2020-03-13 11:45:07.889  INFO 7844 --- [http-nio-80-exec-1] o.s.web.servlet.DispatcherServlet        : Completed initialization in 25 ms
